  [4;36;1mSQL (0.2ms)[0m   [0;1mSET client_min_messages TO 'panic'[0m
  [4;35;1mSQL (0.2ms)[0m   [0mSET standard_conforming_strings = on[0m
  [4;36;1mSQL (42.0ms)[0m   [0;1mSET client_min_messages TO 'notice'[0m
  [4;35;1mSQL (148.7ms)[0m   [0mCREATE TABLE "schema_migrations" ("version" character varying(255) NOT NULL) [0m
  [4;36;1mSQL (163.7ms)[0m   [0;1mCREATE UNIQUE INDEX "unique_schema_migrations" ON "schema_migrations" ("version")[0m
  [4;35;1mSQL (0.3ms)[0m   [0mSELECT version FROM schema_migrations[0m
Migrating to CreateRecords (20100607231406)
  [4;36;1mSQL (0.1ms)[0m   [0;1mBEGIN[0m
  [4;35;1mSQL (302.4ms)[0m   [0mCREATE TABLE "records" ("id" serial primary key, "figure_id" integer, "figure_url" character varying(255), "caption" text, "title" character varying(512), "pmid" integer, "article_url" character varying(255), "image_url" character varying(255), "image_local_name" character varying(255), "full_caption" text, "parsed_caption" text, "text_modality" character varying(255), "caption_modality" character varying(255), "created_at" timestamp, "updated_at" timestamp) [0m
  [4;36;1mSQL (0.5ms)[0m   [0;1mINSERT INTO schema_migrations (version) VALUES ('20100607231406')[0m
  [4;35;1mSQL (28.2ms)[0m   [0mCOMMIT[0m
  [4;36;1mSQL (0.4ms)[0m   [0;1mSELECT version FROM schema_migrations[0m
  [4;36;1mSQL (0.2ms)[0m   [0;1mSET client_min_messages TO 'panic'[0m
  [4;35;1mSQL (0.2ms)[0m   [0mSET standard_conforming_strings = on[0m
  [4;36;1mSQL (0.1ms)[0m   [0;1mSET client_min_messages TO 'notice'[0m
  [4;35;1mSQL (0.4ms)[0m   [0mSELECT version FROM schema_migrations[0m
Migrating to CreateRecords (20100607231406)
Migrating to AddRecordIdx (20100607233223)
  [4;36;1mSQL (0.2ms)[0m   [0;1mBEGIN[0m
  [4;35;1mSQL (920.8ms)[0m   [0mCREATE INDEX "index_records_on_figure_id" ON "records" ("figure_id")[0m
  [4;36;1mSQL (771.0ms)[0m   [0;1mCREATE INDEX "index_records_on_pmid" ON "records" ("pmid")[0m
  [4;35;1mSQL (33349.9ms)[0m   [0mCREATE INDEX record_caption_idx ON records USING gin(to_tsvector('english', caption));[0m
  [4;36;1mSQL (3786.5ms)[0m   [0;1mCREATE INDEX record_title_idx ON records USING gin(to_tsvector('english', title));[0m
  [4;35;1mSQL (32.2ms)[0m   [0mCREATE INDEX record_full_caption_idx ON records USING gin(to_tsvector('english', full_caption));[0m
  [4;36;1mSQL (31.8ms)[0m   [0;1mCREATE INDEX record_parsed_caption_idx ON records USING gin(to_tsvector('english', parsed_caption));[0m
  [4;35;1mSQL (0.3ms)[0m   [0mINSERT INTO schema_migrations (version) VALUES ('20100607233223')[0m
  [4;36;1mSQL (354.6ms)[0m   [0;1mCOMMIT[0m
  [4;35;1mSQL (0.2ms)[0m   [0mSELECT version FROM schema_migrations[0m
  [4;36;1mSQL (0.2ms)[0m   [0;1mSET client_min_messages TO 'panic'[0m
  [4;35;1mSQL (0.1ms)[0m   [0mSET standard_conforming_strings = on[0m
  [4;36;1mSQL (0.1ms)[0m   [0;1mSET client_min_messages TO 'notice'[0m
  [4;35;1mRecord Load (3.2ms)[0m   [0mselect id from records where to_tsvector('english',caption) @@ plainto_tsquery('english', 'schistosomiasis' )[0m
  [4;36;1mRecord Load (0.8ms)[0m   [0;1mselect id from records where to_tsvector('english',caption) @@ plainto_tsquery('english', 'schistosomiasis' )[0m
  [4;35;1mRecord Load (0.7ms)[0m   [0mselect id from records where to_tsvector('english',caption) @@ plainto_tsquery('english', 'schistosomiasis' )[0m
  [4;36;1mRecord Load (0.6ms)[0m   [0;1mselect id from records where to_tsvector('english',caption) @@ plainto_tsquery('english', 'schistosomiasis' )[0m
  [4;35;1mSQL (0.2ms)[0m   [0mSET client_min_messages TO 'panic'[0m
  [4;36;1mSQL (0.1ms)[0m   [0;1mSET standard_conforming_strings = on[0m
  [4;35;1mSQL (0.1ms)[0m   [0mSET client_min_messages TO 'notice'[0m
  [4;36;1mRecord Load (401.1ms)[0m   [0;1mselect * from records where to_tsvector('english',caption) @@ plainto_tsquery('english', 'schistosomiasis' )[0m
  [4;35;1mRecord Load (1.0ms)[0m   [0mselect * from records where to_tsvector('english',caption) @@ plainto_tsquery('english', 'schistosomiasis' )[0m
  [4;36;1mRecord Load (2.7ms)[0m   [0;1mselect * from records where to_tsvector('english',caption) @@ plainto_tsquery('english', 'budd-chiari syndrome' )[0m
  [4;35;1mRecord Load (1.9ms)[0m   [0mselect * from records where to_tsvector('english',caption) @@ plainto_tsquery('english', 'budd-chiari syndrome' )[0m
  [4;36;1mRecord Load (1.9ms)[0m   [0;1mselect * from records where to_tsvector('english',caption) @@ plainto_tsquery('english', 'budd-chiari syndrome' )[0m
  [4;35;1mRecord Load (1.9ms)[0m   [0mselect * from records where to_tsvector('english',caption) @@ plainto_tsquery('english', 'budd-chiari syndrome' )[0m
  [4;36;1mRecord Load (1.9ms)[0m   [0;1mselect * from records where to_tsvector('english',caption) @@ plainto_tsquery('english', 'budd-chiari syndrom' )[0m
  [4;35;1mRecord Load (1.9ms)[0m   [0mselect * from records where to_tsvector('english',caption) @@ plainto_tsquery('english', 'budd-chiari syndrom' )[0m
  [4;36;1mSQL (0.2ms)[0m   [0;1mSET client_min_messages TO 'panic'[0m
  [4;35;1mSQL (0.1ms)[0m   [0mSET standard_conforming_strings = on[0m
  [4;36;1mSQL (0.1ms)[0m   [0;1mSET client_min_messages TO 'notice'[0m


Processing SearchController#index (for 137.53.22.28 at 2010-06-08 11:28:20) [GET]
Rendering template within layouts/search
Rendering search/index
Completed in 88ms (View: 87, DB: 0) | 200 OK [http://skynet.ohsu.edu/search]
  [4;35;1mSQL (0.2ms)[0m   [0mSET client_min_messages TO 'panic'[0m
  [4;36;1mSQL (0.1ms)[0m   [0;1mSET standard_conforming_strings = on[0m
  [4;35;1mSQL (0.1ms)[0m   [0mSET client_min_messages TO 'notice'[0m


Processing SearchController#search (for 137.53.22.28 at 2010-06-08 11:28:24) [POST]
  Parameters: {"queryPrecision"=>"p", "columnOp"=>"b", "topicSetName"=>"", "authenticity_token"=>"NPVqNRFvrs8y/9VqNDoycJ6bGAC33T/mz1RiKpzIqzU=", "displayOp"=>"a", "query_str"=>"budd-chiari", "newSearch"=>"true", "outOp"=>"std", "topicNo"=>"", "limitModality"=>"lm"}
  [4;36;1mRecord Load (5.3ms)[0m   [0;1mselect * from records where to_tsvector('english',caption) @@ plainto_tsquery('english', 'budd-chiari' )[0m
Rendering template within layouts/search
Rendering search/search
Completed in 121ms (View: 25, DB: 6) | 200 OK [http://skynet.ohsu.edu/search/search]
  [4;35;1mSQL (0.2ms)[0m   [0mSET client_min_messages TO 'panic'[0m
  [4;36;1mSQL (0.2ms)[0m   [0;1mSET standard_conforming_strings = on[0m
  [4;35;1mSQL (0.2ms)[0m   [0mSET client_min_messages TO 'notice'[0m


Processing SearchController#index (for 137.53.22.28 at 2010-06-08 11:28:39) [GET]
Rendering template within layouts/search
Rendering search/index
Completed in 4ms (View: 3, DB: 1) | 200 OK [http://skynet.ohsu.edu/search]
  [4;36;1mSQL (0.2ms)[0m   [0;1mSET client_min_messages TO 'panic'[0m
  [4;35;1mSQL (0.2ms)[0m   [0mSET standard_conforming_strings = on[0m
  [4;36;1mSQL (0.1ms)[0m   [0;1mSET client_min_messages TO 'notice'[0m


Processing SearchController#search (for 137.53.22.28 at 2010-06-08 11:28:45) [POST]
  Parameters: {"queryPrecision"=>"p", "columnOp"=>"b", "topicSetName"=>"", "authenticity_token"=>"NPVqNRFvrs8y/9VqNDoycJ6bGAC33T/mz1RiKpzIqzU=", "displayOp"=>"a", "query_str"=>"knee mri", "newSearch"=>"true", "outOp"=>"std", "topicNo"=>"", "limitModality"=>"lm"}
  [4;35;1mRecord Load (3.9ms)[0m   [0mselect * from records where to_tsvector('english',caption) @@ plainto_tsquery('english', 'knee mri' )[0m
Rendering template within layouts/search
Rendering search/search
Completed in 15ms (View: 7, DB: 4) | 200 OK [http://skynet.ohsu.edu/search/search]
  [4;36;1mSQL (0.2ms)[0m   [0;1mSET client_min_messages TO 'panic'[0m
  [4;35;1mSQL (0.2ms)[0m   [0mSET standard_conforming_strings = on[0m
  [4;36;1mSQL (0.1ms)[0m   [0;1mSET client_min_messages TO 'notice'[0m


Processing SearchController#index (for 137.53.22.28 at 2010-06-08 11:28:48) [GET]
Rendering template within layouts/search
Rendering search/index
Completed in 4ms (View: 3, DB: 1) | 200 OK [http://skynet.ohsu.edu/search]
  [4;35;1mSQL (0.2ms)[0m   [0mSET client_min_messages TO 'panic'[0m
  [4;36;1mSQL (0.2ms)[0m   [0;1mSET standard_conforming_strings = on[0m
  [4;35;1mSQL (0.1ms)[0m   [0mSET client_min_messages TO 'notice'[0m


Processing SearchController#search (for 137.53.22.28 at 2010-06-08 11:28:50) [POST]
  Parameters: {"queryPrecision"=>"p", "columnOp"=>"b", "topicSetName"=>"", "authenticity_token"=>"NPVqNRFvrs8y/9VqNDoycJ6bGAC33T/mz1RiKpzIqzU=", "displayOp"=>"a", "query_str"=>"knee", "newSearch"=>"true", "outOp"=>"std", "topicNo"=>"", "limitModality"=>"lm"}
  [4;36;1mRecord Load (64.3ms)[0m   [0;1mselect * from records where to_tsvector('english',caption) @@ plainto_tsquery('english', 'knee' )[0m
Rendering template within layouts/search
Rendering search/search
Completed in 244ms (View: 87, DB: 65) | 200 OK [http://skynet.ohsu.edu/search/search]
  [4;35;1mSQL (0.2ms)[0m   [0mSET client_min_messages TO 'panic'[0m
  [4;36;1mSQL (0.2ms)[0m   [0;1mSET standard_conforming_strings = on[0m
  [4;35;1mSQL (0.1ms)[0m   [0mSET client_min_messages TO 'notice'[0m


Processing SearchController#index (for 137.53.22.28 at 2010-06-08 11:37:42) [GET]
Rendering template within layouts/search
Rendering search/index
Completed in 5ms (View: 3, DB: 0) | 200 OK [http://skynet.ohsu.edu/search]
  [4;36;1mSQL (0.2ms)[0m   [0;1mSET client_min_messages TO 'panic'[0m
  [4;35;1mSQL (0.2ms)[0m   [0mSET standard_conforming_strings = on[0m
  [4;36;1mSQL (0.2ms)[0m   [0;1mSET client_min_messages TO 'notice'[0m


Processing SearchController#search (for 137.53.22.28 at 2010-06-08 11:37:56) [POST]
  Parameters: {"queryPrecision"=>"p", "uploadFile"=>"singleQ", "columnOp"=>"b", "topicSetName"=>"test", "authenticity_token"=>"NPVqNRFvrs8y/9VqNDoycJ6bGAC33T/mz1RiKpzIqzU=", "displayOp"=>"a", "query_str"=>"budd-chiari", "newSearch"=>"true", "outOp"=>"trec", "topicNo"=>"1", "limitModality"=>"lm"}
  [4;35;1mRecord Load (5.2ms)[0m   [0mselect * from records where to_tsvector('english',caption) @@ plainto_tsquery('english', 'budd-chiari' )[0m
Completed in 26ms (View: 1, DB: 6) | 200 OK [http://skynet.ohsu.edu/search/search]
  [4;36;1mSQL (0.2ms)[0m   [0;1mSET client_min_messages TO 'panic'[0m
  [4;35;1mSQL (0.2ms)[0m   [0mSET standard_conforming_strings = on[0m
  [4;36;1mSQL (0.2ms)[0m   [0;1mSET client_min_messages TO 'notice'[0m


Processing SearchController#search (for 137.53.22.28 at 2010-06-08 11:38:31) [POST]
  Parameters: {"queryPrecision"=>"p", "columnOp"=>"b", "authenticity_token"=>"NPVqNRFvrs8y/9VqNDoycJ6bGAC33T/mz1RiKpzIqzU=", "displayOp"=>"a", "query_str"=>"budd-chiari", "newSearch"=>"true", "outOp"=>"std", "limitModality"=>"lm"}
  [4;35;1mRecord Load (4.6ms)[0m   [0mselect * from records where to_tsvector('english',caption) @@ plainto_tsquery('english', 'budd-chiari' )[0m
Rendering template within layouts/search
Rendering search/search
Completed in 28ms (View: 11, DB: 5) | 200 OK [http://skynet.ohsu.edu/search/search]
  [4;36;1mSQL (0.2ms)[0m   [0;1mSET client_min_messages TO 'panic'[0m
  [4;35;1mSQL (0.2ms)[0m   [0mSET standard_conforming_strings = on[0m
  [4;36;1mSQL (0.1ms)[0m   [0;1mSET client_min_messages TO 'notice'[0m


Processing SearchController#search (for 137.53.22.28 at 2010-06-08 11:43:30) [POST]
  Parameters: {"queryPrecision"=>"p", "columnOp"=>"b", "authenticity_token"=>"NPVqNRFvrs8y/9VqNDoycJ6bGAC33T/mz1RiKpzIqzU=", "displayOp"=>"a", "query_str"=>"budd-chiari", "newSearch"=>"true", "outOp"=>"std", "limitModality"=>"lm"}
  [4;35;1mRecord Load (4.5ms)[0m   [0mselect * from records where to_tsvector('english',caption) @@ plainto_tsquery('english', 'budd-chiari' )[0m
Rendering template within layouts/search
Rendering search/search
ERROR: compiling _run_erb_app47views47search47search46html46erb RAISED compile error
/home/bedrick/iclef10/system_prep/iclef10/app/views/search/search.html.erb:7: syntax error, unexpected ')', expecting tASSOC
@output_buffer.concat "    <li>"; @output_buffer.concat(( link_to r.title, :controller => :record, :action => :show, :id => r.id, {:target => "_blank"} ).to_s); @output_buffer.concat "</li>\n"
                                                                                                                                                         ^
Function body:           def _run_erb_app47views47search47search46html46erb(local_assigns)
            old_output_buffer = output_buffer;;@output_buffer = '';  __in_erb_template=true ; @output_buffer.concat "Found "; @output_buffer.concat(( pluralize(@results.size, 'result') ).to_s); @output_buffer.concat ".\n"
@output_buffer.concat "\n"
 if @results.size > 0 ; @output_buffer.concat "\n"
@output_buffer.concat "  \n"
@output_buffer.concat "  <ul>\n"
@output_buffer.concat "    ";  @results.each do |r| ; @output_buffer.concat "\n"
@output_buffer.concat "    <li>"; @output_buffer.concat(( link_to r.title, :controller => :record, :action => :show, :id => r.id, {:target => "_blank"} ).to_s); @output_buffer.concat "</li>\n"
@output_buffer.concat "    ";  end ; @output_buffer.concat "\n"
@output_buffer.concat "  </ul>\n"
@output_buffer.concat "    \n"
@output_buffer.concat "  \n"
 end ; @output_buffer.concat "\n"
@output_buffer.concat "\n"
@output_buffer.concat(( link_to 'New search', :action => :index ).to_s); @output_buffer
          ensure
            self.output_buffer = old_output_buffer
          end
Backtrace: /home/bedrick/iclef10/system_prep/iclef10/app/views/search/search.html.erb:17:in `compile!'
/usr/lib/ruby/gems/1.8/gems/actionpack-2.3.8/lib/action_view/renderable.rb:61:in `compile'
/usr/lib/ruby/gems/1.8/gems/actionpack-2.3.8/lib/action_view/renderable.rb:28:in `render'
/usr/lib/ruby/gems/1.8/gems/actionpack-2.3.8/lib/action_view/template.rb:205:in `render_template'
/usr/lib/ruby/gems/1.8/gems/actionpack-2.3.8/lib/action_view/base.rb:265:in `render'
/usr/lib/ruby/gems/1.8/gems/actionpack-2.3.8/lib/action_view/base.rb:348:in `_render_with_layout'
/usr/lib/ruby/gems/1.8/gems/actionpack-2.3.8/lib/action_view/base.rb:262:in `render'
/usr/lib/ruby/gems/1.8/gems/actionpack-2.3.8/lib/action_controller/base.rb:1250:in `render_for_file'
/usr/lib/ruby/gems/1.8/gems/actionpack-2.3.8/lib/action_controller/base.rb:942:in `render_without_benchmark'
/usr/lib/ruby/gems/1.8/gems/actionpack-2.3.8/lib/action_controller/benchmarking.rb:51:in `render'
/usr/lib/ruby/gems/1.8/gems/activesupport-2.3.8/lib/active_support/core_ext/benchmark.rb:17:in `ms'
/usr/lib/ruby/gems/1.8/gems/activesupport-2.3.8/lib/active_support/core_ext/benchmark.rb:10:in `realtime'
/usr/lib/ruby/gems/1.8/gems/activesupport-2.3.8/lib/active_support/core_ext/benchmark.rb:17:in `ms'
/usr/lib/ruby/gems/1.8/gems/actionpack-2.3.8/lib/action_controller/benchmarking.rb:51:in `render'
/home/bedrick/iclef10/system_prep/iclef10/app/controllers/search_controller.rb:90:in `search'
/usr/lib/ruby/gems/1.8/gems/actionpack-2.3.8/lib/action_controller/base.rb:1331:in `send'
/usr/lib/ruby/gems/1.8/gems/actionpack-2.3.8/lib/action_controller/base.rb:1331:in `perform_action_without_filters'
/usr/lib/ruby/gems/1.8/gems/actionpack-2.3.8/lib/action_controller/filters.rb:617:in `call_filters'
/usr/lib/ruby/gems/1.8/gems/actionpack-2.3.8/lib/action_controller/filters.rb:610:in `perform_action_without_benchmark'
/usr/lib/ruby/gems/1.8/gems/actionpack-2.3.8/lib/action_controller/benchmarking.rb:68:in `perform_action_without_rescue'
/usr/lib/ruby/gems/1.8/gems/activesupport-2.3.8/lib/active_support/core_ext/benchmark.rb:17:in `ms'
/usr/lib/ruby/gems/1.8/gems/activesupport-2.3.8/lib/active_support/core_ext/benchmark.rb:10:in `realtime'
/usr/lib/ruby/gems/1.8/gems/activesupport-2.3.8/lib/active_support/core_ext/benchmark.rb:17:in `ms'
/usr/lib/ruby/gems/1.8/gems/actionpack-2.3.8/lib/action_controller/benchmarking.rb:68:in `perform_action_without_rescue'
/usr/lib/ruby/gems/1.8/gems/actionpack-2.3.8/lib/action_controller/rescue.rb:160:in `perform_action_without_flash'
/usr/lib/ruby/gems/1.8/gems/actionpack-2.3.8/lib/action_controller/flash.rb:151:in `perform_action'
/usr/lib/ruby/gems/1.8/gems/actionpack-2.3.8/lib/action_controller/base.rb:532:in `send'
/usr/lib/ruby/gems/1.8/gems/actionpack-2.3.8/lib/action_controller/base.rb:532:in `process_without_filters'
/usr/lib/ruby/gems/1.8/gems/actionpack-2.3.8/lib/action_controller/filters.rb:606:in `process'
/usr/lib/ruby/gems/1.8/gems/actionpack-2.3.8/lib/action_controller/base.rb:391:in `process'
/usr/lib/ruby/gems/1.8/gems/actionpack-2.3.8/lib/action_controller/base.rb:386:in `call'
/usr/lib/ruby/gems/1.8/gems/actionpack-2.3.8/lib/action_controller/routing/route_set.rb:438:in `call'
/usr/lib/ruby/gems/1.8/gems/actionpack-2.3.8/lib/action_controller/dispatcher.rb:87:in `dispatch'
/usr/lib/ruby/gems/1.8/gems/actionpack-2.3.8/lib/action_controller/dispatcher.rb:121:in `_call'
/usr/lib/ruby/gems/1.8/gems/actionpack-2.3.8/lib/action_controller/dispatcher.rb:130:in `build_middleware_stack'
/usr/lib/ruby/gems/1.8/gems/activerecord-2.3.8/lib/active_record/query_cache.rb:29:in `call'
/usr/lib/ruby/gems/1.8/gems/activerecord-2.3.8/lib/active_record/query_cache.rb:29:in `call'
/usr/lib/ruby/gems/1.8/gems/activerecord-2.3.8/lib/active_record/connection_adapters/abstract/query_cache.rb:34:in `cache'
/usr/lib/ruby/gems/1.8/gems/activerecord-2.3.8/lib/active_record/query_cache.rb:9:in `cache'
/usr/lib/ruby/gems/1.8/gems/activerecord-2.3.8/lib/active_record/query_cache.rb:28:in `call'
/usr/lib/ruby/gems/1.8/gems/activerecord-2.3.8/lib/active_record/connection_adapters/abstract/connection_pool.rb:361:in `call'
/usr/lib/ruby/gems/1.8/gems/actionpack-2.3.8/lib/action_controller/string_coercion.rb:25:in `call'
/usr/lib/ruby/gems/1.8/gems/rack-1.1.0/lib/rack/head.rb:9:in `call'
/usr/lib/ruby/gems/1.8/gems/rack-1.1.0/lib/rack/methodoverride.rb:24:in `call'
/usr/lib/ruby/gems/1.8/gems/actionpack-2.3.8/lib/action_controller/params_parser.rb:15:in `call'
/usr/lib/ruby/gems/1.8/gems/actionpack-2.3.8/lib/action_controller/session/cookie_store.rb:99:in `call'
/usr/lib/ruby/gems/1.8/gems/actionpack-2.3.8/lib/action_controller/failsafe.rb:26:in `call'
/usr/lib/ruby/gems/1.8/gems/rack-1.1.0/lib/rack/lock.rb:11:in `call'
/usr/lib/ruby/gems/1.8/gems/rack-1.1.0/lib/rack/lock.rb:11:in `synchronize'
/usr/lib/ruby/gems/1.8/gems/rack-1.1.0/lib/rack/lock.rb:11:in `call'
/usr/lib/ruby/gems/1.8/gems/actionpack-2.3.8/lib/action_controller/dispatcher.rb:114:in `call'
/usr/lib/ruby/gems/1.8/gems/actionpack-2.3.8/lib/action_controller/reloader.rb:34:in `run'
/usr/lib/ruby/gems/1.8/gems/actionpack-2.3.8/lib/action_controller/dispatcher.rb:108:in `call'
/usr/lib/ruby/gems/1.8/gems/rails-2.3.8/lib/rails/rack/static.rb:31:in `call'
/usr/lib/ruby/gems/1.8/gems/rack-1.1.0/lib/rack/urlmap.rb:47:in `call'
/usr/lib/ruby/gems/1.8/gems/rack-1.1.0/lib/rack/urlmap.rb:41:in `each'
/usr/lib/ruby/gems/1.8/gems/rack-1.1.0/lib/rack/urlmap.rb:41:in `call'
/usr/lib/ruby/gems/1.8/gems/rails-2.3.8/lib/rails/rack/log_tailer.rb:17:in `call'
/usr/lib/ruby/gems/1.8/gems/rack-1.1.0/lib/rack/content_length.rb:13:in `call'
/usr/lib/ruby/gems/1.8/gems/rack-1.1.0/lib/rack/chunked.rb:15:in `call'
/usr/lib/ruby/gems/1.8/gems/rack-1.1.0/lib/rack/handler/mongrel.rb:67:in `process'
/usr/lib/ruby/gems/1.8/gems/mongrel-1.1.5/lib/mongrel.rb:159:in `process_client'
/usr/lib/ruby/gems/1.8/gems/mongrel-1.1.5/lib/mongrel.rb:158:in `each'
/usr/lib/ruby/gems/1.8/gems/mongrel-1.1.5/lib/mongrel.rb:158:in `process_client'
/usr/lib/ruby/gems/1.8/gems/mongrel-1.1.5/lib/mongrel.rb:285:in `run'
/usr/lib/ruby/gems/1.8/gems/mongrel-1.1.5/lib/mongrel.rb:285:in `initialize'
/usr/lib/ruby/gems/1.8/gems/mongrel-1.1.5/lib/mongrel.rb:285:in `new'
/usr/lib/ruby/gems/1.8/gems/mongrel-1.1.5/lib/mongrel.rb:285:in `run'
/usr/lib/ruby/gems/1.8/gems/mongrel-1.1.5/lib/mongrel.rb:268:in `initialize'
/usr/lib/ruby/gems/1.8/gems/mongrel-1.1.5/lib/mongrel.rb:268:in `new'
/usr/lib/ruby/gems/1.8/gems/mongrel-1.1.5/lib/mongrel.rb:268:in `run'
/usr/lib/ruby/gems/1.8/gems/rack-1.1.0/lib/rack/handler/mongrel.rb:38:in `run'
/usr/lib/ruby/gems/1.8/gems/rails-2.3.8/lib/commands/server.rb:111
/usr/local/lib/site_ruby/1.8/rubygems/custom_require.rb:31:in `gem_original_require'
/usr/local/lib/site_ruby/1.8/rubygems/custom_require.rb:31:in `require'
script/server:3

ActionView::TemplateError (compile error
/home/bedrick/iclef10/system_prep/iclef10/app/views/search/search.html.erb:7: syntax error, unexpected ')', expecting tASSOC
@output_buffer.concat "    <li>"; @output_buffer.concat(( link_to r.title, :controller => :record, :action => :show, :id => r.id, {:target => "_blank"} ).to_s); @output_buffer.concat "</li>\n"
                                                                                                                                                         ^) on line #7 of app/views/search/search.html.erb:
4:   
5:   <ul>
6:     <% @results.each do |r| %>
7:     <li><%= link_to r.title, :controller => :record, :action => :show, :id => r.id, {:target => "_blank"} %></li>
8:     <% end %>
9:   </ul>
10:     

    app/views/search/search.html.erb:17:in `compile!'
    app/controllers/search_controller.rb:90:in `search'

Rendered rescues/_trace (42.7ms)
Rendered rescues/_request_and_response (219.0ms)
Rendering rescues/layout (internal_server_error)
  [4;36;1mSQL (0.2ms)[0m   [0;1mSET client_min_messages TO 'panic'[0m
  [4;35;1mSQL (0.1ms)[0m   [0mSET standard_conforming_strings = on[0m
  [4;36;1mSQL (0.1ms)[0m   [0;1mSET client_min_messages TO 'notice'[0m


Processing SearchController#search (for 137.53.22.28 at 2010-06-08 11:43:55) [POST]
  Parameters: {"queryPrecision"=>"p", "columnOp"=>"b", "authenticity_token"=>"NPVqNRFvrs8y/9VqNDoycJ6bGAC33T/mz1RiKpzIqzU=", "displayOp"=>"a", "query_str"=>"budd-chiari", "newSearch"=>"true", "outOp"=>"std", "limitModality"=>"lm"}
  [4;35;1mRecord Load (4.4ms)[0m   [0mselect * from records where to_tsvector('english',caption) @@ plainto_tsquery('english', 'budd-chiari' )[0m
Rendering template within layouts/search
Rendering search/search
Completed in 30ms (View: 18, DB: 5) | 200 OK [http://skynet.ohsu.edu/search/search]
  [4;36;1mSQL (0.2ms)[0m   [0;1mSET client_min_messages TO 'panic'[0m
  [4;35;1mSQL (0.1ms)[0m   [0mSET standard_conforming_strings = on[0m
  [4;36;1mSQL (0.1ms)[0m   [0;1mSET client_min_messages TO 'notice'[0m


Processing ApplicationController#index (for 137.53.22.28 at 2010-06-08 11:43:57) [GET]

ActionController::RoutingError (No route matches "/record/show/42707" with {:method=>:get}):
  

Rendering rescues/layout (not_found)
  [4;35;1mSQL (0.2ms)[0m   [0mSET client_min_messages TO 'panic'[0m
  [4;36;1mSQL (0.1ms)[0m   [0;1mSET standard_conforming_strings = on[0m
  [4;35;1mSQL (0.1ms)[0m   [0mSET client_min_messages TO 'notice'[0m


Processing ApplicationController#index (for 137.53.22.28 at 2010-06-08 11:44:23) [GET]

ActionController::RoutingError (No route matches "/record/" with {:method=>:get}):
  

Rendering rescues/layout (not_found)
  [4;36;1mSQL (0.2ms)[0m   [0;1mSET client_min_messages TO 'panic'[0m
  [4;35;1mSQL (0.2ms)[0m   [0mSET standard_conforming_strings = on[0m
  [4;36;1mSQL (0.1ms)[0m   [0;1mSET client_min_messages TO 'notice'[0m


Processing ApplicationController#index (for 137.53.22.28 at 2010-06-08 11:44:35) [GET]

ActionController::RoutingError (No route matches "/record/show/71538" with {:method=>:get}):
  

Rendering rescues/layout (not_found)
  [4;35;1mSQL (0.2ms)[0m   [0mSET client_min_messages TO 'panic'[0m
  [4;36;1mSQL (0.2ms)[0m   [0;1mSET standard_conforming_strings = on[0m
  [4;35;1mSQL (0.1ms)[0m   [0mSET client_min_messages TO 'notice'[0m


Processing ApplicationController#index (for 137.53.22.28 at 2010-06-08 11:44:45) [GET]

ActionController::RoutingError (No route matches "/records/show/71538" with {:method=>:get}):
  

Rendering rescues/layout (not_found)
  [4;36;1mSQL (0.2ms)[0m   [0;1mSET client_min_messages TO 'panic'[0m
  [4;35;1mSQL (0.1ms)[0m   [0mSET standard_conforming_strings = on[0m
  [4;36;1mSQL (0.1ms)[0m   [0;1mSET client_min_messages TO 'notice'[0m


Processing SearchController#index (for 137.53.22.28 at 2010-06-08 11:45:10) [GET]
Rendering template within layouts/search
Rendering search/index
Completed in 4ms (View: 2, DB: 0) | 200 OK [http://skynet.ohsu.edu/search]
  [4;35;1mSQL (0.1ms)[0m   [0mSET client_min_messages TO 'panic'[0m
  [4;36;1mSQL (0.1ms)[0m   [0;1mSET standard_conforming_strings = on[0m
  [4;35;1mSQL (0.1ms)[0m   [0mSET client_min_messages TO 'notice'[0m


Processing ApplicationController#index (for 137.53.22.28 at 2010-06-08 11:45:16) [GET]

ActionController::RoutingError (No route matches "/record/show/" with {:method=>:get}):
  

Rendering rescues/layout (not_found)
  [4;36;1mSQL (0.1ms)[0m   [0;1mSET client_min_messages TO 'panic'[0m
  [4;35;1mSQL (0.1ms)[0m   [0mSET standard_conforming_strings = on[0m
  [4;36;1mSQL (0.1ms)[0m   [0;1mSET client_min_messages TO 'notice'[0m


Processing ApplicationController#index (for 137.53.22.28 at 2010-06-08 11:45:18) [GET]

ActionController::RoutingError (No route matches "/record/show/71538" with {:method=>:get}):
  

Rendering rescues/layout (not_found)
  [4;36;1mSQL (0.2ms)[0m   [0;1mSET client_min_messages TO 'panic'[0m
  [4;35;1mSQL (0.2ms)[0m   [0mSET standard_conforming_strings = on[0m
  [4;36;1mSQL (0.1ms)[0m   [0;1mSET client_min_messages TO 'notice'[0m


Processing RecordController#show (for 137.53.22.28 at 2010-06-08 11:47:28) [GET]
  Parameters: {"id"=>"71538"}
  [4;35;1mRecord Load (1.0ms)[0m   [0mSELECT * FROM "records" WHERE ("records"."id" = 71538) [0m
Rendering template within layouts/record
Rendering record/show
Completed in 24ms (View: 14, DB: 1) | 200 OK [http://skynet.ohsu.edu/record/show/71538]
  [4;36;1mSQL (0.2ms)[0m   [0;1mSET client_min_messages TO 'panic'[0m
  [4;35;1mSQL (0.2ms)[0m   [0mSET standard_conforming_strings = on[0m
  [4;36;1mSQL (0.1ms)[0m   [0;1mSET client_min_messages TO 'notice'[0m


Processing RecordController#show (for 137.53.22.28 at 2010-06-08 11:47:45) [GET]
  Parameters: {"id"=>"42715"}
  [4;35;1mRecord Load (1.1ms)[0m   [0mSELECT * FROM "records" WHERE ("records"."id" = 42715) [0m
Rendering template within layouts/record
Rendering record/show
Completed in 14ms (View: 4, DB: 2) | 200 OK [http://skynet.ohsu.edu/record/show/42715]
  [4;36;1mSQL (0.1ms)[0m   [0;1mSET client_min_messages TO 'panic'[0m
  [4;35;1mSQL (0.1ms)[0m   [0mSET standard_conforming_strings = on[0m
  [4;36;1mSQL (0.1ms)[0m   [0;1mSET client_min_messages TO 'notice'[0m


Processing RecordController#show (for 137.53.22.28 at 2010-06-08 11:47:49) [GET]
  Parameters: {"id"=>"79816"}
  [4;35;1mRecord Load (1.1ms)[0m   [0mSELECT * FROM "records" WHERE ("records"."id" = 79816) [0m
Rendering template within layouts/record
Rendering record/show
Completed in 14ms (View: 4, DB: 1) | 200 OK [http://skynet.ohsu.edu/record/show/79816]
  [4;36;1mSQL (0.2ms)[0m   [0;1mSET client_min_messages TO 'panic'[0m
  [4;35;1mSQL (0.2ms)[0m   [0mSET standard_conforming_strings = on[0m
  [4;36;1mSQL (0.1ms)[0m   [0;1mSET client_min_messages TO 'notice'[0m


Processing SearchController#search (for 137.53.22.28 at 2010-06-08 11:50:10) [POST]
  Parameters: {"queryPrecision"=>"p", "columnOp"=>"b", "authenticity_token"=>"NPVqNRFvrs8y/9VqNDoycJ6bGAC33T/mz1RiKpzIqzU=", "displayOp"=>"a", "query_str"=>"budd-chiari", "newSearch"=>"true", "outOp"=>"std", "limitModality"=>"lm"}
  [4;35;1mRecord Load (4.7ms)[0m   [0mselect * from records where to_tsvector('english',caption) @@ plainto_tsquery('english', 'budd-chiari' )[0m
Rendering template within layouts/search
Rendering search/search

ActionView::TemplateError (wrong number of arguments (1 for 0)) on line #6 of app/views/search/search.html.erb:
3: <% if @results.size > 0 %>
4:   
5:   <table>
6:     <% @results.each(4) do |g| %>
7:     <tr>
8:       <% g.each do |r| %>
9:     <td><%= link_to r.title, {:controller => :record, :action => :show, :id => r.id}, {:target => "_blank"} %></td>

    app/views/search/search.html.erb:6:in `each'
    app/views/search/search.html.erb:6
    app/controllers/search_controller.rb:90:in `search'

Rendered rescues/_trace (38.2ms)
Rendered rescues/_request_and_response (1.6ms)
Rendering rescues/layout (internal_server_error)
  [4;36;1mSQL (0.2ms)[0m   [0;1mSET client_min_messages TO 'panic'[0m
  [4;35;1mSQL (0.2ms)[0m   [0mSET standard_conforming_strings = on[0m
  [4;36;1mSQL (0.1ms)[0m   [0;1mSET client_min_messages TO 'notice'[0m


Processing SearchController#search (for 137.53.22.28 at 2010-06-08 11:51:12) [POST]
  Parameters: {"queryPrecision"=>"p", "columnOp"=>"b", "authenticity_token"=>"NPVqNRFvrs8y/9VqNDoycJ6bGAC33T/mz1RiKpzIqzU=", "displayOp"=>"a", "query_str"=>"budd-chiari", "newSearch"=>"true", "outOp"=>"std", "limitModality"=>"lm"}
  [4;35;1mRecord Load (4.6ms)[0m   [0mselect * from records where to_tsvector('english',caption) @@ plainto_tsquery('english', 'budd-chiari' )[0m
Rendering template within layouts/search
Rendering search/search
Completed in 30ms (View: 18, DB: 5) | 200 OK [http://skynet.ohsu.edu/search/search]
  [4;36;1mSQL (0.2ms)[0m   [0;1mSET client_min_messages TO 'panic'[0m
  [4;35;1mSQL (0.2ms)[0m   [0mSET standard_conforming_strings = on[0m
  [4;36;1mSQL (0.1ms)[0m   [0;1mSET client_min_messages TO 'notice'[0m


Processing SearchController#search (for 137.53.22.28 at 2010-06-08 11:52:45) [POST]
  Parameters: {"queryPrecision"=>"p", "columnOp"=>"b", "authenticity_token"=>"NPVqNRFvrs8y/9VqNDoycJ6bGAC33T/mz1RiKpzIqzU=", "displayOp"=>"a", "query_str"=>"budd-chiari", "newSearch"=>"true", "outOp"=>"std", "limitModality"=>"lm"}
  [4;35;1mRecord Load (5.0ms)[0m   [0mselect * from records where to_tsvector('english',caption) @@ plainto_tsquery('english', 'budd-chiari' )[0m
Rendering template within layouts/search
Rendering search/search
Completed in 32ms (View: 19, DB: 5) | 200 OK [http://skynet.ohsu.edu/search/search]
  [4;36;1mSQL (0.2ms)[0m   [0;1mSET client_min_messages TO 'panic'[0m
  [4;35;1mSQL (0.1ms)[0m   [0mSET standard_conforming_strings = on[0m
  [4;36;1mSQL (0.1ms)[0m   [0;1mSET client_min_messages TO 'notice'[0m


Processing SearchController#search (for 137.53.22.28 at 2010-06-08 11:53:03) [POST]
  Parameters: {"queryPrecision"=>"p", "columnOp"=>"b", "authenticity_token"=>"NPVqNRFvrs8y/9VqNDoycJ6bGAC33T/mz1RiKpzIqzU=", "displayOp"=>"a", "query_str"=>"budd-chiari", "newSearch"=>"true", "outOp"=>"std", "limitModality"=>"lm"}
  [4;35;1mRecord Load (5.2ms)[0m   [0mselect * from records where to_tsvector('english',caption) @@ plainto_tsquery('english', 'budd-chiari' )[0m
Rendering template within layouts/search
Rendering search/search
Completed in 33ms (View: 20, DB: 6) | 200 OK [http://skynet.ohsu.edu/search/search]
  [4;36;1mSQL (0.2ms)[0m   [0;1mSET client_min_messages TO 'panic'[0m
  [4;35;1mSQL (0.2ms)[0m   [0mSET standard_conforming_strings = on[0m
  [4;36;1mSQL (0.1ms)[0m   [0;1mSET client_min_messages TO 'notice'[0m


Processing SearchController#search (for 137.53.22.28 at 2010-06-08 11:53:17) [POST]
  Parameters: {"queryPrecision"=>"p", "columnOp"=>"b", "authenticity_token"=>"NPVqNRFvrs8y/9VqNDoycJ6bGAC33T/mz1RiKpzIqzU=", "displayOp"=>"a", "query_str"=>"budd-chiari", "newSearch"=>"true", "outOp"=>"std", "limitModality"=>"lm"}
  [4;35;1mRecord Load (5.2ms)[0m   [0mselect * from records where to_tsvector('english',caption) @@ plainto_tsquery('english', 'budd-chiari' )[0m
Rendering template within layouts/search
Rendering search/search
Completed in 32ms (View: 20, DB: 6) | 200 OK [http://skynet.ohsu.edu/search/search]
  [4;36;1mSQL (0.2ms)[0m   [0;1mSET client_min_messages TO 'panic'[0m
  [4;35;1mSQL (0.2ms)[0m   [0mSET standard_conforming_strings = on[0m
  [4;36;1mSQL (0.1ms)[0m   [0;1mSET client_min_messages TO 'notice'[0m


Processing SearchController#search (for 137.53.22.28 at 2010-06-08 11:53:27) [POST]
  Parameters: {"queryPrecision"=>"p", "columnOp"=>"b", "authenticity_token"=>"NPVqNRFvrs8y/9VqNDoycJ6bGAC33T/mz1RiKpzIqzU=", "displayOp"=>"a", "query_str"=>"budd-chiari", "newSearch"=>"true", "outOp"=>"std", "limitModality"=>"lm"}
  [4;35;1mRecord Load (5.2ms)[0m   [0mselect * from records where to_tsvector('english',caption) @@ plainto_tsquery('english', 'budd-chiari' )[0m
Rendering template within layouts/search
Rendering search/search
Completed in 32ms (View: 20, DB: 6) | 200 OK [http://skynet.ohsu.edu/search/search]
  [4;36;1mSQL (0.2ms)[0m   [0;1mSET client_min_messages TO 'panic'[0m
  [4;35;1mSQL (0.1ms)[0m   [0mSET standard_conforming_strings = on[0m
  [4;36;1mSQL (0.1ms)[0m   [0;1mSET client_min_messages TO 'notice'[0m


Processing SearchController#search (for 137.53.22.28 at 2010-06-08 11:53:33) [POST]
  Parameters: {"queryPrecision"=>"p", "columnOp"=>"b", "authenticity_token"=>"NPVqNRFvrs8y/9VqNDoycJ6bGAC33T/mz1RiKpzIqzU=", "displayOp"=>"a", "query_str"=>"budd-chiari", "newSearch"=>"true", "outOp"=>"std", "limitModality"=>"lm"}
  [4;35;1mRecord Load (5.2ms)[0m   [0mselect * from records where to_tsvector('english',caption) @@ plainto_tsquery('english', 'budd-chiari' )[0m
Rendering template within layouts/search
Rendering search/search
Completed in 130ms (View: 117, DB: 6) | 200 OK [http://skynet.ohsu.edu/search/search]
  [4;36;1mSQL (0.2ms)[0m   [0;1mSET client_min_messages TO 'panic'[0m
  [4;35;1mSQL (0.2ms)[0m   [0mSET standard_conforming_strings = on[0m
  [4;36;1mSQL (0.1ms)[0m   [0;1mSET client_min_messages TO 'notice'[0m


Processing SearchController#search (for 137.53.22.28 at 2010-06-08 11:54:23) [POST]
  Parameters: {"queryPrecision"=>"p", "columnOp"=>"b", "authenticity_token"=>"NPVqNRFvrs8y/9VqNDoycJ6bGAC33T/mz1RiKpzIqzU=", "displayOp"=>"a", "query_str"=>"budd-chiari", "newSearch"=>"true", "outOp"=>"std", "limitModality"=>"lm"}
  [4;35;1mRecord Load (4.9ms)[0m   [0mselect * from records where to_tsvector('english',caption) @@ plainto_tsquery('english', 'budd-chiari' )[0m
Rendering template within layouts/search
Rendering search/search
Completed in 36ms (View: 24, DB: 5) | 200 OK [http://skynet.ohsu.edu/search/search]
  [4;36;1mSQL (0.2ms)[0m   [0;1mSET client_min_messages TO 'panic'[0m
  [4;35;1mSQL (0.2ms)[0m   [0mSET standard_conforming_strings = on[0m
  [4;36;1mSQL (0.1ms)[0m   [0;1mSET client_min_messages TO 'notice'[0m


Processing SearchController#search (for 137.53.22.28 at 2010-06-08 11:54:48) [POST]
  Parameters: {"queryPrecision"=>"p", "columnOp"=>"b", "authenticity_token"=>"NPVqNRFvrs8y/9VqNDoycJ6bGAC33T/mz1RiKpzIqzU=", "displayOp"=>"a", "query_str"=>"budd-chiari", "newSearch"=>"true", "outOp"=>"std", "limitModality"=>"lm"}
  [4;35;1mRecord Load (5.0ms)[0m   [0mselect * from records where to_tsvector('english',caption) @@ plainto_tsquery('english', 'budd-chiari' )[0m
Rendering template within layouts/search
Rendering search/search
Completed in 35ms (View: 23, DB: 5) | 200 OK [http://skynet.ohsu.edu/search/search]
  [4;36;1mSQL (0.2ms)[0m   [0;1mSET client_min_messages TO 'panic'[0m
  [4;35;1mSQL (0.1ms)[0m   [0mSET standard_conforming_strings = on[0m
  [4;36;1mSQL (0.1ms)[0m   [0;1mSET client_min_messages TO 'notice'[0m


Processing SearchController#search (for 137.53.22.28 at 2010-06-08 11:55:20) [POST]
  Parameters: {"queryPrecision"=>"p", "columnOp"=>"b", "authenticity_token"=>"NPVqNRFvrs8y/9VqNDoycJ6bGAC33T/mz1RiKpzIqzU=", "displayOp"=>"a", "query_str"=>"budd-chiari", "newSearch"=>"true", "outOp"=>"std", "limitModality"=>"lm"}
  [4;35;1mRecord Load (5.2ms)[0m   [0mselect * from records where to_tsvector('english',caption) @@ plainto_tsquery('english', 'budd-chiari' )[0m
Rendering template within layouts/search
Rendering search/search
Completed in 38ms (View: 25, DB: 6) | 200 OK [http://skynet.ohsu.edu/search/search]
  [4;36;1mSQL (0.2ms)[0m   [0;1mSET client_min_messages TO 'panic'[0m
  [4;35;1mSQL (0.3ms)[0m   [0mSET standard_conforming_strings = on[0m
  [4;36;1mSQL (0.2ms)[0m   [0;1mSET client_min_messages TO 'notice'[0m


Processing SearchController#search (for 137.53.22.28 at 2010-06-08 11:55:50) [POST]
  Parameters: {"queryPrecision"=>"p", "columnOp"=>"b", "authenticity_token"=>"NPVqNRFvrs8y/9VqNDoycJ6bGAC33T/mz1RiKpzIqzU=", "displayOp"=>"a", "query_str"=>"budd-chiari", "newSearch"=>"true", "outOp"=>"std", "limitModality"=>"lm"}
  [4;35;1mRecord Load (4.7ms)[0m   [0mselect * from records where to_tsvector('english',caption) @@ plainto_tsquery('english', 'budd-chiari' )[0m
Rendering template within layouts/search
Rendering search/search
Completed in 50ms (View: 34, DB: 5) | 200 OK [http://skynet.ohsu.edu/search/search]
  [4;36;1mSQL (0.3ms)[0m   [0;1mSET client_min_messages TO 'panic'[0m
  [4;35;1mSQL (0.2ms)[0m   [0mSET standard_conforming_strings = on[0m
  [4;36;1mSQL (0.2ms)[0m   [0;1mSET client_min_messages TO 'notice'[0m


Processing SearchController#search (for 137.53.22.28 at 2010-06-08 11:55:55) [POST]
  Parameters: {"queryPrecision"=>"p", "columnOp"=>"b", "authenticity_token"=>"NPVqNRFvrs8y/9VqNDoycJ6bGAC33T/mz1RiKpzIqzU=", "displayOp"=>"a", "query_str"=>"budd-chiari", "newSearch"=>"true", "outOp"=>"std", "limitModality"=>"lm"}
  [4;35;1mRecord Load (5.2ms)[0m   [0mselect * from records where to_tsvector('english',caption) @@ plainto_tsquery('english', 'budd-chiari' )[0m
Rendering template within layouts/search
Rendering search/search
Completed in 46ms (View: 28, DB: 6) | 200 OK [http://skynet.ohsu.edu/search/search]
  [4;36;1mSQL (0.1ms)[0m   [0;1mSET client_min_messages TO 'panic'[0m
  [4;35;1mSQL (0.2ms)[0m   [0mSET standard_conforming_strings = on[0m
  [4;36;1mSQL (0.1ms)[0m   [0;1mSET client_min_messages TO 'notice'[0m


Processing SearchController#search (for 137.53.22.28 at 2010-06-08 11:58:02) [POST]
  Parameters: {"queryPrecision"=>"p", "columnOp"=>"b", "authenticity_token"=>"NPVqNRFvrs8y/9VqNDoycJ6bGAC33T/mz1RiKpzIqzU=", "displayOp"=>"a", "query_str"=>"budd-chiari", "newSearch"=>"true", "outOp"=>"std", "limitModality"=>"lm"}
  [4;35;1mRecord Load (5.2ms)[0m   [0mselect * from records where to_tsvector('english',caption) @@ plainto_tsquery('english', 'budd-chiari' )[0m
Rendering template within layouts/search
Rendering search/search
Completed in 39ms (View: 26, DB: 6) | 200 OK [http://skynet.ohsu.edu/search/search]
  [4;36;1mSQL (0.2ms)[0m   [0;1mSET client_min_messages TO 'panic'[0m
  [4;35;1mSQL (0.2ms)[0m   [0mSET standard_conforming_strings = on[0m
  [4;36;1mSQL (0.2ms)[0m   [0;1mSET client_min_messages TO 'notice'[0m


Processing SearchController#search (for 137.53.22.28 at 2010-06-08 11:58:12) [POST]
  Parameters: {"queryPrecision"=>"p", "columnOp"=>"b", "authenticity_token"=>"NPVqNRFvrs8y/9VqNDoycJ6bGAC33T/mz1RiKpzIqzU=", "displayOp"=>"a", "query_str"=>"budd-chiari", "newSearch"=>"true", "outOp"=>"std", "limitModality"=>"lm"}
  [4;35;1mRecord Load (5.2ms)[0m   [0mselect * from records where to_tsvector('english',caption) @@ plainto_tsquery('english', 'budd-chiari' )[0m
Rendering template within layouts/search
Rendering search/search
Completed in 47ms (View: 32, DB: 6) | 200 OK [http://skynet.ohsu.edu/search/search]
  [4;36;1mSQL (0.2ms)[0m   [0;1mSET client_min_messages TO 'panic'[0m
  [4;35;1mSQL (0.2ms)[0m   [0mSET standard_conforming_strings = on[0m
  [4;36;1mSQL (0.1ms)[0m   [0;1mSET client_min_messages TO 'notice'[0m


Processing SearchController#search (for 137.53.22.28 at 2010-06-08 11:58:19) [POST]
  Parameters: {"queryPrecision"=>"p", "columnOp"=>"b", "authenticity_token"=>"NPVqNRFvrs8y/9VqNDoycJ6bGAC33T/mz1RiKpzIqzU=", "displayOp"=>"a", "query_str"=>"budd-chiari", "newSearch"=>"true", "outOp"=>"std", "limitModality"=>"lm"}
  [4;35;1mRecord Load (4.9ms)[0m   [0mselect * from records where to_tsvector('english',caption) @@ plainto_tsquery('english', 'budd-chiari' )[0m
Rendering template within layouts/search
Rendering search/search
Completed in 34ms (View: 23, DB: 5) | 200 OK [http://skynet.ohsu.edu/search/search]
  [4;36;1mSQL (0.2ms)[0m   [0;1mSET client_min_messages TO 'panic'[0m
  [4;35;1mSQL (0.2ms)[0m   [0mSET standard_conforming_strings = on[0m
  [4;36;1mSQL (0.2ms)[0m   [0;1mSET client_min_messages TO 'notice'[0m


Processing SearchController#search (for 137.53.22.28 at 2010-06-08 11:58:27) [POST]
  Parameters: {"queryPrecision"=>"p", "columnOp"=>"b", "authenticity_token"=>"NPVqNRFvrs8y/9VqNDoycJ6bGAC33T/mz1RiKpzIqzU=", "displayOp"=>"a", "query_str"=>"budd-chiari", "newSearch"=>"true", "outOp"=>"std", "limitModality"=>"lm"}
  [4;35;1mRecord Load (4.7ms)[0m   [0mselect * from records where to_tsvector('english',caption) @@ plainto_tsquery('english', 'budd-chiari' )[0m
Rendering template within layouts/search
Rendering search/search
Completed in 123ms (View: 25, DB: 5) | 200 OK [http://skynet.ohsu.edu/search/search]
  [4;36;1mSQL (0.2ms)[0m   [0;1mSET client_min_messages TO 'panic'[0m
  [4;35;1mSQL (0.2ms)[0m   [0mSET standard_conforming_strings = on[0m
  [4;36;1mSQL (0.2ms)[0m   [0;1mSET client_min_messages TO 'notice'[0m


Processing SearchController#index (for 137.53.22.28 at 2010-06-08 11:58:33) [GET]
Rendering template within layouts/search
Rendering search/index
Completed in 13ms (View: 11, DB: 1) | 200 OK [http://skynet.ohsu.edu/search]
  [4;35;1mSQL (0.2ms)[0m   [0mSET client_min_messages TO 'panic'[0m
  [4;36;1mSQL (0.2ms)[0m   [0;1mSET standard_conforming_strings = on[0m
  [4;35;1mSQL (0.1ms)[0m   [0mSET client_min_messages TO 'notice'[0m


Processing SearchController#search (for 137.53.22.28 at 2010-06-08 11:58:36) [POST]
  Parameters: {"queryPrecision"=>"p", "columnOp"=>"b", "topicSetName"=>"", "authenticity_token"=>"NPVqNRFvrs8y/9VqNDoycJ6bGAC33T/mz1RiKpzIqzU=", "displayOp"=>"a", "query_str"=>"schistosomiasis", "newSearch"=>"true", "outOp"=>"std", "topicNo"=>"", "limitModality"=>"lm"}
  [4;36;1mRecord Load (4.0ms)[0m   [0;1mselect * from records where to_tsvector('english',caption) @@ plainto_tsquery('english', 'schistosomiasis' )[0m
Rendering template within layouts/search
Rendering search/search
Completed in 31ms (View: 17, DB: 4) | 200 OK [http://skynet.ohsu.edu/search/search]
  [4;35;1mSQL (0.2ms)[0m   [0mSET client_min_messages TO 'panic'[0m
  [4;36;1mSQL (0.2ms)[0m   [0;1mSET standard_conforming_strings = on[0m
  [4;35;1mSQL (0.1ms)[0m   [0mSET client_min_messages TO 'notice'[0m


Processing RecordController#show (for 137.53.22.28 at 2010-06-08 11:58:46) [GET]
  Parameters: {"id"=>"33128"}
  [4;36;1mRecord Load (1.1ms)[0m   [0;1mSELECT * FROM "records" WHERE ("records"."id" = 33128) [0m
Rendering template within layouts/record
Rendering record/show
Completed in 14ms (View: 4, DB: 2) | 200 OK [http://skynet.ohsu.edu/record/show/33128]
  [4;35;1mSQL (0.1ms)[0m   [0mSET client_min_messages TO 'panic'[0m
  [4;36;1mSQL (0.1ms)[0m   [0;1mSET standard_conforming_strings = on[0m
  [4;35;1mSQL (0.1ms)[0m   [0mSET client_min_messages TO 'notice'[0m


Processing SearchController#search (for 137.53.22.28 at 2010-06-08 12:00:10) [POST]
  Parameters: {"queryPrecision"=>"p", "columnOp"=>"b", "topicSetName"=>"", "authenticity_token"=>"NPVqNRFvrs8y/9VqNDoycJ6bGAC33T/mz1RiKpzIqzU=", "displayOp"=>"a", "query_str"=>"schistosomiasis", "newSearch"=>"true", "outOp"=>"std", "topicNo"=>"", "limitModality"=>"lm"}
  [4;36;1mRecord Load (3.9ms)[0m   [0;1mselect * from records where to_tsvector('english',caption) @@ plainto_tsquery('english', 'schistosomiasis' )[0m
Rendering template within layouts/search
Rendering search/search
Completed in 25ms (View: 16, DB: 4) | 200 OK [http://skynet.ohsu.edu/search/search]
  [4;36;1mSQL (0.2ms)[0m   [0;1mSET client_min_messages TO 'panic'[0m
  [4;35;1mSQL (0.1ms)[0m   [0mSET standard_conforming_strings = on[0m
  [4;36;1mSQL (0.1ms)[0m   [0;1mSET client_min_messages TO 'notice'[0m
  [4;35;1mRecord Load (3.6ms)[0m   [0mselect * from records where to_tsvector('english',caption) @@ plainto_tsquery('english', 'schistosomiasis' )[0m
  [4;36;1mRecord Load (0.8ms)[0m   [0;1mselect * from records where to_tsvector('english',caption) @@ plainto_tsquery('english', 'schistosomiasis' )[0m
  [4;35;1mRecord Load (1.0ms)[0m   [0mselect r.*, 'foo' as bar from records r where to_tsvector('english',caption) @@ plainto_tsquery('english', 'schistosomiasis' )[0m
  [4;36;1mRecord Load (0.9ms)[0m   [0;1mselect r.*, 'foo' as bar from records r where to_tsvector('english',caption) @@ plainto_tsquery('english', 'schistosomiasis' )[0m
  [4;35;1mRecord Load (0.9ms)[0m   [0mselect r.*, 'foo' as bar from records r where to_tsvector('english',caption) @@ plainto_tsquery('english', 'schistosomiasis' )[0m
  [4;36;1mSQL (0.2ms)[0m   [0;1mSET client_min_messages TO 'panic'[0m
  [4;35;1mSQL (0.2ms)[0m   [0mSET standard_conforming_strings = on[0m
  [4;36;1mSQL (0.1ms)[0m   [0;1mSET client_min_messages TO 'notice'[0m


Processing ApplicationController#index (for 137.53.22.28 at 2010-06-08 14:28:54) [GET]

SyntaxError (/home/bedrick/iclef10/system_prep/iclef10/app/controllers/search_controller.rb:97: syntax error, unexpected kEND, expecting '}'
/home/bedrick/iclef10/system_prep/iclef10/app/controllers/search_controller.rb:100: syntax error, unexpected kELSE, expecting '}'
    else # standard mode, just render the template
        ^
/home/bedrick/iclef10/system_prep/iclef10/app/controllers/search_controller.rb:103: syntax error, unexpected kEND, expecting '}'
/home/bedrick/iclef10/system_prep/iclef10/app/controllers/search_controller.rb:131: syntax error, unexpected kEND, expecting '}'):
  

Rendered rescues/_trace (33.8ms)
Rendered rescues/_request_and_response (1.6ms)
Rendering rescues/layout (internal_server_error)
  [4;35;1mSQL (0.2ms)[0m   [0mSET client_min_messages TO 'panic'[0m
  [4;36;1mSQL (0.2ms)[0m   [0;1mSET standard_conforming_strings = on[0m
  [4;35;1mSQL (0.2ms)[0m   [0mSET client_min_messages TO 'notice'[0m


Processing ApplicationController#index (for 137.53.22.28 at 2010-06-08 14:31:20) [GET]

LoadError (Expected /home/bedrick/iclef10/system_prep/iclef10/app/controllers/search_controller.rb to define SearchController):
  

Rendered rescues/_trace (26.2ms)
Rendered rescues/_request_and_response (0.4ms)
Rendering rescues/layout (internal_server_error)
  [4;36;1mSQL (0.1ms)[0m   [0;1mSET client_min_messages TO 'panic'[0m
  [4;35;1mSQL (0.1ms)[0m   [0mSET standard_conforming_strings = on[0m
  [4;36;1mSQL (0.1ms)[0m   [0;1mSET client_min_messages TO 'notice'[0m


Processing SearchController#index (for 137.53.22.28 at 2010-06-08 14:31:24) [GET]
Rendering template within layouts/search
Rendering search/index
Completed in 18ms (View: 16, DB: 0) | 200 OK [http://skynet.ohsu.edu/search]
  [4;35;1mSQL (0.2ms)[0m   [0mSET client_min_messages TO 'panic'[0m
  [4;36;1mSQL (0.2ms)[0m   [0;1mSET standard_conforming_strings = on[0m
  [4;35;1mSQL (0.1ms)[0m   [0mSET client_min_messages TO 'notice'[0m


Processing SearchController#search (for 137.53.22.28 at 2010-06-08 14:32:00) [POST]
  Parameters: {"queryPrecision"=>"p", "columnOp"=>"b", "topicSetName"=>"", "authenticity_token"=>"NPVqNRFvrs8y/9VqNDoycJ6bGAC33T/mz1RiKpzIqzU=", "displayOp"=>"a", "query_str"=>"budd-chiari syndrome", "newSearch"=>"true", "outOp"=>"std", "topicNo"=>"", "limitModality"=>"lm"}
  [4;36;1mRecord Load (4.7ms)[0m   [0;1mselect * from records where to_tsvector('english',caption) @@ plainto_tsquery('english', 'budd-chiari syndrome' )[0m
Rendering template within layouts/search
Rendering search/search
Completed in 39ms (View: 26, DB: 5) | 200 OK [http://skynet.ohsu.edu/search/search]
  [4;36;1mSQL (0.2ms)[0m   [0;1mSET client_min_messages TO 'panic'[0m
  [4;35;1mSQL (0.2ms)[0m   [0mSET standard_conforming_strings = on[0m
  [4;36;1mSQL (0.1ms)[0m   [0;1mSET client_min_messages TO 'notice'[0m


Processing SearchController#index (for 137.53.22.28 at 2010-06-08 14:43:05) [GET]
Rendering template within layouts/search
Rendering search/index
Completed in 19ms (View: 17, DB: 0) | 200 OK [http://skynet.ohsu.edu/search]
  [4;36;1mSQL (0.2ms)[0m   [0;1mSET client_min_messages TO 'panic'[0m
  [4;35;1mSQL (0.1ms)[0m   [0mSET standard_conforming_strings = on[0m
  [4;36;1mSQL (0.1ms)[0m   [0;1mSET client_min_messages TO 'notice'[0m
  [4;36;1mSQL (0.2ms)[0m   [0;1mSET client_min_messages TO 'panic'[0m
  [4;35;1mSQL (0.2ms)[0m   [0mSET standard_conforming_strings = on[0m
  [4;36;1mSQL (0.1ms)[0m   [0;1mSET client_min_messages TO 'notice'[0m
  [4;36;1mSQL (0.2ms)[0m   [0;1mSET client_min_messages TO 'panic'[0m
  [4;35;1mSQL (0.1ms)[0m   [0mSET standard_conforming_strings = on[0m
  [4;36;1mSQL (0.1ms)[0m   [0;1mSET client_min_messages TO 'notice'[0m
  [4;35;1mRecord Load (1.6ms)[0m   [0mSELECT * FROM "records" LIMIT 1[0m
  [4;36;1mSQL (0.2ms)[0m   [0;1mSET client_min_messages TO 'panic'[0m
  [4;35;1mSQL (0.2ms)[0m   [0mSET standard_conforming_strings = on[0m
  [4;36;1mSQL (0.1ms)[0m   [0;1mSET client_min_messages TO 'notice'[0m
